# JRE version: OpenJDK Runtime Environment (8.0_112-b06) (build 1.8.0_112-release-b06)
# Java VM: OpenJDK 64-Bit Server VM (25.112-b06 mixed mode windows-amd64 compressed oops)
Heap:
 PSYoungGen      total 477184K, used 93919K [0x00000000e0000000, 0x0000000100000000, 0x0000000100000000)
  eden space 436224K, 20% used [0x00000000e0000000,0x00000000e5738498,0x00000000faa00000)
  from space 40960K, 11% used [0x00000000faa00000,0x00000000fae7f888,0x00000000fd200000)
  to   space 40448K, 0% used [0x00000000fd880000,0x00000000fd880000,0x0000000100000000)
 ParOldGen       total 198144K, used 78270K [0x00000000a0000000, 0x00000000ac180000, 0x00000000e0000000)
  object space 198144K, 39% used [0x00000000a0000000,0x00000000a4c6fb68,0x00000000ac180000)
 Metaspace       used 78212K, capacity 82232K, committed 82520K, reserved 1120256K
  class space    used 9966K, capacity 10757K, committed 10880K, reserved 1048576K
GC Heap History (10 events):
Event: 751.326 GC heap before
{Heap before GC invocations=23 (full 4):
 PSYoungGen      total 372736K, used 5284K [0x00000000e0000000, 0x00000000fd900000, 0x0000000100000000)
  eden space 327680K, 0% used [0x00000000e0000000,0x00000000e0000000,0x00000000f4000000)
  from space 45056K, 11% used [0x00000000f4000000,0x00000000f4529178,0x00000000f6c00000)
  to   space 44032K, 0% used [0x00000000fae00000,0x00000000fae00000,0x00000000fd900000)
 ParOldGen       total 139776K, used 129352K [0x00000000a0000000, 0x00000000a8880000, 0x00000000e0000000)
  object space 139776K, 92% used [0x00000000a0000000,0x00000000a7e522e8,0x00000000a8880000)
 Metaspace       used 72492K, capacity 75604K, committed 75864K, reserved 1116160K
  class space    used 9330K, capacity 9991K, committed 10112K, reserved 1048576K
Event: 751.456 GC heap after
Heap after GC invocations=23 (full 4):
 PSYoungGen      total 372736K, used 0K [0x00000000e0000000, 0x00000000fd900000, 0x0000000100000000)
  eden space 327680K, 0% used [0x00000000e0000000,0x00000000e0000000,0x00000000f4000000)
  from space 45056K, 0% used [0x00000000f4000000,0x00000000f4000000,0x00000000f6c00000)
  to   space 44032K, 0% used [0x00000000fae00000,0x00000000fae00000,0x00000000fd900000)
 ParOldGen       total 198144K, used 67235K [0x00000000a0000000, 0x00000000ac180000, 0x00000000e0000000)
  object space 198144K, 33% used [0x00000000a0000000,0x00000000a41a8d78,0x00000000ac180000)
 Metaspace       used 72490K, capacity 75598K, committed 75864K, reserved 1116160K
  class space    used 9330K, capacity 9990K, committed 10112K, reserved 1048576K
}
Event: 1885.749 GC heap before
{Heap before GC invocations=24 (full 4):
 PSYoungGen      total 372736K, used 327680K [0x00000000e0000000, 0x00000000fd900000, 0x0000000100000000)
  eden space 327680K, 100% used [0x00000000e0000000,0x00000000f4000000,0x00000000f4000000)
  from space 45056K, 0% used [0x00000000f4000000,0x00000000f4000000,0x00000000f6c00000)
  to   space 44032K, 0% used [0x00000000fae00000,0x00000000fae00000,0x00000000fd900000)
 ParOldGen       total 198144K, used 67235K [0x00000000a0000000, 0x00000000ac180000, 0x00000000e0000000)
  object space 198144K, 33% used [0x00000000a0000000,0x00000000a41a8d78,0x00000000ac180000)
 Metaspace       used 74603K, capacity 78032K, committed 78424K, reserved 1118208K
  class space    used 9593K, capacity 10275K, committed 10368K, reserved 1048576K
Event: 1885.890 GC heap after
Heap after GC invocations=24 (full 4):
 PSYoungGen      total 439808K, used 24090K [0x00000000e0000000, 0x00000000fda00000, 0x0000000100000000)
  eden space 395776K, 0% used [0x00000000e0000000,0x00000000e0000000,0x00000000f8280000)
  from space 44032K, 54% used [0x00000000fae00000,0x00000000fc586ba8,0x00000000fd900000)
  to   space 44544K, 0% used [0x00000000f8280000,0x00000000f8280000,0x00000000fae00000)
 ParOldGen       total 198144K, used 67243K [0x00000000a0000000, 0x00000000ac180000, 0x00000000e0000000)
  object space 198144K, 33% used [0x00000000a0000000,0x00000000a41aad78,0x00000000ac180000)
 Metaspace       used 74603K, capacity 78032K, committed 78424K, reserved 1118208K
  class space    used 9593K, capacity 10275K, committed 10368K, reserved 1048576K
}
Event: 2104.893 GC heap before
{Heap before GC invocations=25 (full 4):
 PSYoungGen      total 439808K, used 419866K [0x00000000e0000000, 0x00000000fda00000, 0x0000000100000000)
  eden space 395776K, 100% used [0x00000000e0000000,0x00000000f8280000,0x00000000f8280000)
  from space 44032K, 54% used [0x00000000fae00000,0x00000000fc586ba8,0x00000000fd900000)
  to   space 44544K, 0% used [0x00000000f8280000,0x00000000f8280000,0x00000000fae00000)
 ParOldGen       total 198144K, used 67243K [0x00000000a0000000, 0x00000000ac180000, 0x00000000e0000000)
  object space 198144K, 33% used [0x00000000a0000000,0x00000000a41aad78,0x00000000ac180000)
 Metaspace       used 74931K, capacity 78396K, committed 78680K, reserved 1118208K
  class space    used 9621K, capacity 10309K, committed 10368K, reserved 1048576K
Event: 2104.944 GC heap after
Heap after GC invocations=25 (full 4):
 PSYoungGen      total 440320K, used 6777K [0x00000000e0000000, 0x00000000ffe80000, 0x0000000100000000)
  eden space 395776K, 0% used [0x00000000e0000000,0x00000000e0000000,0x00000000f8280000)
  from space 44544K, 15% used [0x00000000f8280000,0x00000000f891e770,0x00000000fae00000)
  to   space 43520K, 0% used [0x00000000fd400000,0x00000000fd400000,0x00000000ffe80000)
 ParOldGen       total 198144K, used 77598K [0x00000000a0000000, 0x00000000ac180000, 0x00000000e0000000)
  object space 198144K, 39% used [0x00000000a0000000,0x00000000a4bc7b18,0x00000000ac180000)
 Metaspace       used 74931K, capacity 78396K, committed 78680K, reserved 1118208K
  class space    used 9621K, capacity 10309K, committed 10368K, reserved 1048576K
}
Event: 2105.459 GC heap before
{Heap before GC invocations=26 (full 4):
 PSYoungGen      total 440320K, used 402439K [0x00000000e0000000, 0x00000000ffe80000, 0x0000000100000000)
  eden space 395776K, 99% used [0x00000000e0000000,0x00000000f82636c8,0x00000000f8280000)
  from space 44544K, 15% used [0x00000000f8280000,0x00000000f891e770,0x00000000fae00000)
  to   space 43520K, 0% used [0x00000000fd400000,0x00000000fd400000,0x00000000ffe80000)
 ParOldGen       total 198144K, used 77598K [0x00000000a0000000, 0x00000000ac180000, 0x00000000e0000000)
  object space 198144K, 39% used [0x00000000a0000000,0x00000000a4bc7b18,0x00000000ac180000)
 Metaspace       used 74971K, capacity 78524K, committed 78680K, reserved 1118208K
  class space    used 9621K, capacity 10309K, committed 10368K, reserved 1048576K
Event: 2105.465 GC heap after
Heap after GC invocations=26 (full 4):
 PSYoungGen      total 475136K, used 16897K [0x00000000e0000000, 0x00000000ffa00000, 0x0000000100000000)
  eden space 436224K, 0% used [0x00000000e0000000,0x00000000e0000000,0x00000000faa00000)
  from space 38912K, 43% used [0x00000000fd400000,0x00000000fe4807f8,0x00000000ffa00000)
  to   space 40960K, 0% used [0x00000000faa00000,0x00000000faa00000,0x00000000fd200000)
 ParOldGen       total 198144K, used 77606K [0x00000000a0000000, 0x00000000ac180000, 0x00000000e0000000)
  object space 198144K, 39% used [0x00000000a0000000,0x00000000a4bc9b18,0x00000000ac180000)
 Metaspace       used 74971K, capacity 78524K, committed 78680K, reserved 1118208K
  class space    used 9621K, capacity 10309K, committed 10368K, reserved 1048576K
}
Event: 2679.039 GC heap before
{Heap before GC invocations=27 (full 4):
 PSYoungGen      total 475136K, used 453121K [0x00000000e0000000, 0x00000000ffa00000, 0x0000000100000000)
  eden space 436224K, 100% used [0x00000000e0000000,0x00000000faa00000,0x00000000faa00000)
  from space 38912K, 43% used [0x00000000fd400000,0x00000000fe4807f8,0x00000000ffa00000)
  to   space 40960K, 0% used [0x00000000faa00000,0x00000000faa00000,0x00000000fd200000)
 ParOldGen       total 198144K, used 77606K [0x00000000a0000000, 0x00000000ac180000, 0x00000000e0000000)
  object space 198144K, 39% used [0x00000000a0000000,0x00000000a4bc9b18,0x00000000ac180000)
 Metaspace       used 77857K, capacity 81614K, committed 81880K, reserved 1120256K
  class space    used 9928K, capacity 10674K, committed 10752K, reserved 1048576K
Event: 2679.047 GC heap after
Heap after GC invocations=27 (full 4):
 PSYoungGen      total 477184K, used 4606K [0x00000000e0000000, 0x0000000100000000, 0x0000000100000000)
  eden space 436224K, 0% used [0x00000000e0000000,0x00000000e0000000,0x00000000faa00000)
  from space 40960K, 11% used [0x00000000faa00000,0x00000000fae7f888,0x00000000fd200000)
  to   space 40448K, 0% used [0x00000000fd880000,0x00000000fd880000,0x0000000100000000)
 ParOldGen       total 198144K, used 78270K [0x00000000a0000000, 0x00000000ac180000, 0x00000000e0000000)
  object space 198144K, 39% used [0x00000000a0000000,0x00000000a4c6fb68,0x00000000ac180000)
 Metaspace       used 77857K, capacity 81614K, committed 81880K, reserved 1120256K
  class space    used 9928K, capacity 10674K, committed 10752K, reserved 1048576K
}

